[      89ms] [ERROR] TypeError: network error @ https://ric-1.tasklist.camunda.io/425f10fa-c898-4b4b-b303-eac095286716/tasklist/assets/c3-data-table-D4d159Zn.js:1
[      90ms] [WARNING] Error with Permissions-Policy header: Unrecognized feature: 'ambient-light-sensor'. @ :0
[      90ms] [WARNING] Error with Permissions-Policy header: Unrecognized feature: 'speaker-selection'. @ :0
[     200ms] [ERROR] Loading the script 'https://static.cloudflareinsights.com/beacon.min.js/v8c78df7c7c0f484497ecbca7046644da1771523124516' violates the following Content Security Policy directive: "script-src-elem 'self' cdn.jsdelivr.net *.mixpanel.com osano.com *.osano.com *.appcues.com appcues.com cloudflareinsights.com". The action has been blocked. @ https://ric-1.tasklist.camunda.io/425f10fa-c898-4b4b-b303-eac095286716/tasklist:0
[     701ms] [WARNING] No app elements and user config provided. Please provide at least one of them. @ https://ric-1.tasklist.camunda.io/425f10fa-c898-4b4b-b303-eac095286716/tasklist/assets/c3-data-table-D4d159Zn.js:1
[     861ms] [WARNING] No app elements and user config provided. Please provide at least one of them. @ https://ric-1.tasklist.camunda.io/425f10fa-c898-4b4b-b303-eac095286716/tasklist/assets/c3-data-table-D4d159Zn.js:1
[     867ms] [WARNING] No app elements and user config provided. Please provide at least one of them. @ https://ric-1.tasklist.camunda.io/425f10fa-c898-4b4b-b303-eac095286716/tasklist/assets/c3-data-table-D4d159Zn.js:1
[ 1804092ms] [ERROR] Failed to load resource: the server responded with a status of 401 () @ https://ric-1.tasklist.camunda.io/425f10fa-c898-4b4b-b303-eac095286716/v2/user-tasks/search:0
[ 1806081ms] [WARNING] Error with Permissions-Policy header: Unrecognized feature: 'ambient-light-sensor'. @ :0
[ 1806081ms] [WARNING] Error with Permissions-Policy header: Unrecognized feature: 'speaker-selection'. @ :0
[ 1806156ms] [ERROR] Loading the script 'https://static.cloudflareinsights.com/beacon.min.js/v8c78df7c7c0f484497ecbca7046644da1771523124516' violates the following Content Security Policy directive: "script-src-elem 'self' cdn.jsdelivr.net *.mixpanel.com osano.com *.osano.com *.appcues.com appcues.com cloudflareinsights.com". The action has been blocked. @ https://ric-1.tasklist.camunda.io/425f10fa-c898-4b4b-b303-eac095286716/tasklist?continue:0
[ 1806377ms] [WARNING] No app elements and user config provided. Please provide at least one of them. @ https://ric-1.tasklist.camunda.io/425f10fa-c898-4b4b-b303-eac095286716/tasklist/assets/c3-data-table-D4d159Zn.js:1
[ 1806482ms] [WARNING] No app elements and user config provided. Please provide at least one of them. @ https://ric-1.tasklist.camunda.io/425f10fa-c898-4b4b-b303-eac095286716/tasklist/assets/c3-data-table-D4d159Zn.js:1
[ 3609998ms] [ERROR] Failed to load resource: the server responded with a status of 401 () @ https://ric-1.tasklist.camunda.io/425f10fa-c898-4b4b-b303-eac095286716/v2/user-tasks/search:0
[ 3612559ms] [WARNING] Error with Permissions-Policy header: Unrecognized feature: 'ambient-light-sensor'. @ :0
[ 3612559ms] [WARNING] Error with Permissions-Policy header: Unrecognized feature: 'speaker-selection'. @ :0
[ 3612688ms] [ERROR] Loading the script 'https://static.cloudflareinsights.com/beacon.min.js/v8c78df7c7c0f484497ecbca7046644da1771523124516' violates the following Content Security Policy directive: "script-src-elem 'self' cdn.jsdelivr.net *.mixpanel.com osano.com *.osano.com *.appcues.com appcues.com cloudflareinsights.com". The action has been blocked. @ https://ric-1.tasklist.camunda.io/425f10fa-c898-4b4b-b303-eac095286716/tasklist?continue:0
[ 3613090ms] [WARNING] No app elements and user config provided. Please provide at least one of them. @ https://ric-1.tasklist.camunda.io/425f10fa-c898-4b4b-b303-eac095286716/tasklist/assets/c3-data-table-D4d159Zn.js:1
[ 3613201ms] [WARNING] No app elements and user config provided. Please provide at least one of them. @ https://ric-1.tasklist.camunda.io/425f10fa-c898-4b4b-b303-eac095286716/tasklist/assets/c3-data-table-D4d159Zn.js:1
[ 5414856ms] [ERROR] Failed to load resource: the server responded with a status of 401 () @ https://ric-1.tasklist.camunda.io/425f10fa-c898-4b4b-b303-eac095286716/v2/user-tasks/search:0
[ 5416337ms] [WARNING] Error with Permissions-Policy header: Unrecognized feature: 'ambient-light-sensor'. @ :0
[ 5416338ms] [WARNING] Error with Permissions-Policy header: Unrecognized feature: 'speaker-selection'. @ :0
[ 5416417ms] [ERROR] Loading the script 'https://static.cloudflareinsights.com/beacon.min.js/v8c78df7c7c0f484497ecbca7046644da1771523124516' violates the following Content Security Policy directive: "script-src-elem 'self' cdn.jsdelivr.net *.mixpanel.com osano.com *.osano.com *.appcues.com appcues.com cloudflareinsights.com". The action has been blocked. @ https://ric-1.tasklist.camunda.io/425f10fa-c898-4b4b-b303-eac095286716/tasklist?continue:0
[ 5416762ms] [WARNING] No app elements and user config provided. Please provide at least one of them. @ https://ric-1.tasklist.camunda.io/425f10fa-c898-4b4b-b303-eac095286716/tasklist/assets/c3-data-table-D4d159Zn.js:1
[ 5416889ms] [WARNING] No app elements and user config provided. Please provide at least one of them. @ https://ric-1.tasklist.camunda.io/425f10fa-c898-4b4b-b303-eac095286716/tasklist/assets/c3-data-table-D4d159Zn.js:1
[ 5416891ms] [WARNING] No app elements and user config provided. Please provide at least one of them. @ https://ric-1.tasklist.camunda.io/425f10fa-c898-4b4b-b303-eac095286716/tasklist/assets/c3-data-table-D4d159Zn.js:1
